[2025-10-08T01:59:47.204Z] [DEBUG] [PERPLEXITY_STREAMING] Starting async generator: perplexityRedChamberQAStreaming
DATA: {
  "functionName": "perplexityRedChamberQAStreaming",
  "inputType": "object",
  "inputKeys": [
    "userQuestion",
    "modelKey",
    "reasoningEffort",
    "questionContext",
    "enableStreaming",
    "includeDetailedCitations",
    "showThinkingProcess",
    "temperature",
    "maxTokens",
    "selectedText",
    "chapterContext",
    "currentChapter"
  ],
  "hasAsyncIterator": false
}
[2025-10-08T01:59:47.209Z] [DEBUG] [PERPLEXITY_STREAMING] Function entry point reached
DATA: {
  "inputType": "object",
  "inputKeys": [
    "userQuestion",
    "modelKey",
    "reasoningEffort",
    "questionContext",
    "enableStreaming",
    "includeDetailedCitations",
    "showThinkingProcess",
    "temperature",
    "maxTokens",
    "selectedText",
    "chapterContext",
    "currentChapter"
  ],
  "userQuestionLength": 11,
  "enableStreaming": true
}
[2025-10-08T01:59:47.374Z] [DEBUG] [PERPLEXITY_STREAMING] Getting Perplexity client
[2025-10-08T01:59:47.379Z] [DEBUG] [PERPLEXITY_STREAMING] Client obtained
DATA: {
  "clientType": "object",
  "clientConstructor": "PerplexityClient",
  "hasStreamingMethod": true
}
[2025-10-08T01:59:47.382Z] [DEBUG] [PERPLEXITY_STREAMING] Calling client.streamingCompletionRequest
DATA: {
  "processedInputType": "object",
  "processedInputKeys": [
    "userQuestion",
    "modelKey",
    "reasoningEffort",
    "questionContext",
    "enableStreaming",
    "includeDetailedCitations",
    "showThinkingProcess",
    "temperature",
    "maxTokens",
    "selectedText",
    "chapterContext",
    "currentChapter"
  ]
}
[2025-10-08T01:59:47.385Z] [DEBUG] [PERPLEXITY_STREAMING] Stream generator created
DATA: {
  "generatorType": "object",
  "generatorConstructor": "",
  "hasAsyncIterator": true
}
[2025-10-08T01:59:47.387Z] [DEBUG] [PERPLEXITY_STREAMING] Starting for-await loop on: client.streamingCompletionRequest
DATA: {
  "iterableSource": "client.streamingCompletionRequest",
  "iterableType": "object",
  "hasAsyncIterator": true,
  "hasIterator": false,
  "constructorName": ""
}
[2025-10-08T01:59:47.390Z] [DEBUG] [PERPLEXITY_CLIENT] PerplexityClient.streamingCompletionRequest called
DATA: {
  "inputType": "object",
  "userQuestionLength": 11,
  "enableStreaming": true
}
[2025-10-08T01:59:47.392Z] [DEBUG] [PERPLEXITY_CLIENT] Making HTTP request to Perplexity API
DATA: {
  "endpoint": "/chat/completions",
  "requestDataKeys": [
    "model",
    "temperature",
    "max_tokens",
    "stream",
    "reasoning_effort",
    "messages"
  ],
  "model": "sonar-reasoning",
  "stream": true
}
[2025-10-08T01:59:52.280Z] [DEBUG] [PERPLEXITY_CLIENT] Received HTTP response
DATA: {
  "statusCode": 200,
  "statusText": "OK",
  "dataType": "object",
  "dataConstructor": "IncomingMessage"
}
[2025-10-08T01:59:52.285Z] [DEBUG] [PERPLEXITY_CLIENT] Starting for-await loop on: this.parseStreamingResponse(stream)
DATA: {
  "iterableSource": "this.parseStreamingResponse(stream)",
  "iterableType": "object",
  "hasAsyncIterator": true,
  "hasIterator": false,
  "constructorName": ""
}
[2025-10-08T02:01:11.725Z] [DEBUG] [PERPLEXITY_STREAMING] Starting async generator: perplexityRedChamberQAStreaming
DATA: {
  "functionName": "perplexityRedChamberQAStreaming",
  "inputType": "object",
  "inputKeys": [
    "userQuestion",
    "modelKey",
    "reasoningEffort",
    "questionContext",
    "enableStreaming",
    "includeDetailedCitations",
    "showThinkingProcess",
    "temperature",
    "maxTokens",
    "selectedText",
    "chapterContext",
    "currentChapter"
  ],
  "hasAsyncIterator": false
}
[2025-10-08T02:01:11.728Z] [DEBUG] [PERPLEXITY_STREAMING] Function entry point reached
DATA: {
  "inputType": "object",
  "inputKeys": [
    "userQuestion",
    "modelKey",
    "reasoningEffort",
    "questionContext",
    "enableStreaming",
    "includeDetailedCitations",
    "showThinkingProcess",
    "temperature",
    "maxTokens",
    "selectedText",
    "chapterContext",
    "currentChapter"
  ],
  "userQuestionLength": 11,
  "enableStreaming": true
}
[2025-10-08T02:01:11.729Z] [DEBUG] [PERPLEXITY_STREAMING] Getting Perplexity client
[2025-10-08T02:01:11.730Z] [DEBUG] [PERPLEXITY_STREAMING] Client obtained
DATA: {
  "clientType": "object",
  "clientConstructor": "PerplexityClient",
  "hasStreamingMethod": true
}
[2025-10-08T02:01:11.732Z] [DEBUG] [PERPLEXITY_STREAMING] Calling client.streamingCompletionRequest
DATA: {
  "processedInputType": "object",
  "processedInputKeys": [
    "userQuestion",
    "modelKey",
    "reasoningEffort",
    "questionContext",
    "enableStreaming",
    "includeDetailedCitations",
    "showThinkingProcess",
    "temperature",
    "maxTokens",
    "selectedText",
    "chapterContext",
    "currentChapter"
  ]
}
[2025-10-08T02:01:11.733Z] [DEBUG] [PERPLEXITY_STREAMING] Stream generator created
DATA: {
  "generatorType": "object",
  "generatorConstructor": "",
  "hasAsyncIterator": true
}
[2025-10-08T02:01:11.734Z] [DEBUG] [PERPLEXITY_STREAMING] Starting for-await loop on: client.streamingCompletionRequest
DATA: {
  "iterableSource": "client.streamingCompletionRequest",
  "iterableType": "object",
  "hasAsyncIterator": true,
  "hasIterator": false,
  "constructorName": ""
}
[2025-10-08T02:01:11.735Z] [DEBUG] [PERPLEXITY_CLIENT] PerplexityClient.streamingCompletionRequest called
DATA: {
  "inputType": "object",
  "userQuestionLength": 11,
  "enableStreaming": true
}
[2025-10-08T02:01:11.739Z] [DEBUG] [PERPLEXITY_CLIENT] Making HTTP request to Perplexity API
DATA: {
  "endpoint": "/chat/completions",
  "requestDataKeys": [
    "model",
    "temperature",
    "max_tokens",
    "stream",
    "reasoning_effort",
    "messages"
  ],
  "model": "sonar-reasoning",
  "stream": true
}
[2025-10-08T02:01:15.717Z] [DEBUG] [PERPLEXITY_CLIENT] Received HTTP response
DATA: {
  "statusCode": 200,
  "statusText": "OK",
  "dataType": "object",
  "dataConstructor": "IncomingMessage"
}
[2025-10-08T02:01:15.721Z] [DEBUG] [PERPLEXITY_CLIENT] Starting for-await loop on: this.parseStreamingResponse(stream)
DATA: {
  "iterableSource": "this.parseStreamingResponse(stream)",
  "iterableType": "object",
  "hasAsyncIterator": true,
  "hasIterator": false,
  "constructorName": ""
}
[2025-10-08T03:04:02.179Z] [DEBUG] [PERPLEXITY_STREAMING] Starting async generator: perplexityRedChamberQAStreaming
DATA: {
  "functionName": "perplexityRedChamberQAStreaming",
  "inputType": "object",
  "inputKeys": [
    "userQuestion",
    "modelKey",
    "reasoningEffort",
    "questionContext",
    "enableStreaming",
    "includeDetailedCitations",
    "showThinkingProcess",
    "temperature",
    "maxTokens",
    "selectedText",
    "chapterContext",
    "currentChapter"
  ],
  "hasAsyncIterator": false
}
[2025-10-08T03:04:02.187Z] [DEBUG] [PERPLEXITY_STREAMING] Function entry point reached
DATA: {
  "inputType": "object",
  "inputKeys": [
    "userQuestion",
    "modelKey",
    "reasoningEffort",
    "questionContext",
    "enableStreaming",
    "includeDetailedCitations",
    "showThinkingProcess",
    "temperature",
    "maxTokens",
    "selectedText",
    "chapterContext",
    "currentChapter"
  ],
  "userQuestionLength": 11,
  "enableStreaming": true
}
[2025-10-08T03:04:02.190Z] [DEBUG] [PERPLEXITY_STREAMING] Getting Perplexity client
[2025-10-08T03:04:02.196Z] [DEBUG] [PERPLEXITY_STREAMING] Client obtained
DATA: {
  "clientType": "object",
  "clientConstructor": "PerplexityClient",
  "hasStreamingMethod": true
}
[2025-10-08T03:04:02.199Z] [DEBUG] [PERPLEXITY_STREAMING] Calling client.streamingCompletionRequest
DATA: {
  "processedInputType": "object",
  "processedInputKeys": [
    "userQuestion",
    "modelKey",
    "reasoningEffort",
    "questionContext",
    "enableStreaming",
    "includeDetailedCitations",
    "showThinkingProcess",
    "temperature",
    "maxTokens",
    "selectedText",
    "chapterContext",
    "currentChapter"
  ]
}
[2025-10-08T03:04:02.203Z] [DEBUG] [PERPLEXITY_STREAMING] Stream generator created
DATA: {
  "generatorType": "object",
  "generatorConstructor": "",
  "hasAsyncIterator": true
}
[2025-10-08T03:04:02.207Z] [DEBUG] [PERPLEXITY_STREAMING] Starting for-await loop on: client.streamingCompletionRequest
DATA: {
  "iterableSource": "client.streamingCompletionRequest",
  "iterableType": "object",
  "hasAsyncIterator": true,
  "hasIterator": false,
  "constructorName": ""
}
[2025-10-08T03:04:02.209Z] [DEBUG] [PERPLEXITY_CLIENT] PerplexityClient.streamingCompletionRequest called
DATA: {
  "inputType": "object",
  "userQuestionLength": 11,
  "enableStreaming": true
}
[2025-10-08T03:04:02.212Z] [DEBUG] [PERPLEXITY_CLIENT] Making HTTP request to Perplexity API
DATA: {
  "endpoint": "/chat/completions",
  "requestDataKeys": [
    "model",
    "temperature",
    "max_tokens",
    "stream",
    "reasoning_effort",
    "messages"
  ],
  "model": "sonar-reasoning",
  "stream": true
}
[2025-10-08T03:04:05.466Z] [DEBUG] [PERPLEXITY_CLIENT] Received HTTP response
DATA: {
  "statusCode": 200,
  "statusText": "OK",
  "dataType": "object",
  "dataConstructor": "IncomingMessage"
}
[2025-10-08T03:04:05.472Z] [DEBUG] [PERPLEXITY_CLIENT] Starting for-await loop on: this.parseStreamingResponse(stream)
DATA: {
  "iterableSource": "this.parseStreamingResponse(stream)",
  "iterableType": "object",
  "hasAsyncIterator": true,
  "hasIterator": false,
  "constructorName": ""
}
[2025-10-08T03:05:04.935Z] [DEBUG] [PERPLEXITY_STREAMING] Starting async generator: perplexityRedChamberQAStreaming
DATA: {
  "functionName": "perplexityRedChamberQAStreaming",
  "inputType": "object",
  "inputKeys": [
    "userQuestion",
    "modelKey",
    "reasoningEffort",
    "questionContext",
    "enableStreaming",
    "includeDetailedCitations",
    "showThinkingProcess",
    "temperature",
    "maxTokens",
    "selectedText",
    "chapterContext",
    "currentChapter"
  ],
  "hasAsyncIterator": false
}
[2025-10-08T03:05:04.942Z] [DEBUG] [PERPLEXITY_STREAMING] Function entry point reached
DATA: {
  "inputType": "object",
  "inputKeys": [
    "userQuestion",
    "modelKey",
    "reasoningEffort",
    "questionContext",
    "enableStreaming",
    "includeDetailedCitations",
    "showThinkingProcess",
    "temperature",
    "maxTokens",
    "selectedText",
    "chapterContext",
    "currentChapter"
  ],
  "userQuestionLength": 103,
  "enableStreaming": true
}
[2025-10-08T03:05:04.945Z] [DEBUG] [PERPLEXITY_STREAMING] Getting Perplexity client
[2025-10-08T03:05:04.947Z] [DEBUG] [PERPLEXITY_STREAMING] Client obtained
DATA: {
  "clientType": "object",
  "clientConstructor": "PerplexityClient",
  "hasStreamingMethod": true
}
[2025-10-08T03:05:04.950Z] [DEBUG] [PERPLEXITY_STREAMING] Calling client.streamingCompletionRequest
DATA: {
  "processedInputType": "object",
  "processedInputKeys": [
    "userQuestion",
    "modelKey",
    "reasoningEffort",
    "questionContext",
    "enableStreaming",
    "includeDetailedCitations",
    "showThinkingProcess",
    "temperature",
    "maxTokens",
    "selectedText",
    "chapterContext",
    "currentChapter"
  ]
}
[2025-10-08T03:05:04.953Z] [DEBUG] [PERPLEXITY_STREAMING] Stream generator created
DATA: {
  "generatorType": "object",
  "generatorConstructor": "",
  "hasAsyncIterator": true
}
[2025-10-08T03:05:04.957Z] [DEBUG] [PERPLEXITY_STREAMING] Starting for-await loop on: client.streamingCompletionRequest
DATA: {
  "iterableSource": "client.streamingCompletionRequest",
  "iterableType": "object",
  "hasAsyncIterator": true,
  "hasIterator": false,
  "constructorName": ""
}
[2025-10-08T03:05:04.960Z] [DEBUG] [PERPLEXITY_CLIENT] PerplexityClient.streamingCompletionRequest called
DATA: {
  "inputType": "object",
  "userQuestionLength": 103,
  "enableStreaming": true
}
[2025-10-08T03:05:04.962Z] [DEBUG] [PERPLEXITY_CLIENT] Making HTTP request to Perplexity API
DATA: {
  "endpoint": "/chat/completions",
  "requestDataKeys": [
    "model",
    "temperature",
    "max_tokens",
    "stream",
    "reasoning_effort",
    "messages"
  ],
  "model": "sonar-reasoning",
  "stream": true
}
[2025-10-08T03:05:07.635Z] [DEBUG] [PERPLEXITY_CLIENT] Received HTTP response
DATA: {
  "statusCode": 200,
  "statusText": "OK",
  "dataType": "object",
  "dataConstructor": "IncomingMessage"
}
[2025-10-08T03:05:07.638Z] [DEBUG] [PERPLEXITY_CLIENT] Starting for-await loop on: this.parseStreamingResponse(stream)
DATA: {
  "iterableSource": "this.parseStreamingResponse(stream)",
  "iterableType": "object",
  "hasAsyncIterator": true,
  "hasIterator": false,
  "constructorName": ""
}
[2025-10-08T03:05:47.684Z] [DEBUG] [PERPLEXITY_STREAMING] Starting async generator: perplexityRedChamberQAStreaming
DATA: {
  "functionName": "perplexityRedChamberQAStreaming",
  "inputType": "object",
  "inputKeys": [
    "userQuestion",
    "modelKey",
    "reasoningEffort",
    "questionContext",
    "enableStreaming",
    "includeDetailedCitations",
    "showThinkingProcess",
    "temperature",
    "maxTokens",
    "selectedText",
    "chapterContext",
    "currentChapter"
  ],
  "hasAsyncIterator": false
}
[2025-10-08T03:05:47.688Z] [DEBUG] [PERPLEXITY_STREAMING] Function entry point reached
DATA: {
  "inputType": "object",
  "inputKeys": [
    "userQuestion",
    "modelKey",
    "reasoningEffort",
    "questionContext",
    "enableStreaming",
    "includeDetailedCitations",
    "showThinkingProcess",
    "temperature",
    "maxTokens",
    "selectedText",
    "chapterContext",
    "currentChapter"
  ],
  "userQuestionLength": 114,
  "enableStreaming": true
}
[2025-10-08T03:05:47.690Z] [DEBUG] [PERPLEXITY_STREAMING] Getting Perplexity client
[2025-10-08T03:05:47.691Z] [DEBUG] [PERPLEXITY_STREAMING] Client obtained
DATA: {
  "clientType": "object",
  "clientConstructor": "PerplexityClient",
  "hasStreamingMethod": true
}
[2025-10-08T03:05:47.693Z] [DEBUG] [PERPLEXITY_STREAMING] Calling client.streamingCompletionRequest
DATA: {
  "processedInputType": "object",
  "processedInputKeys": [
    "userQuestion",
    "modelKey",
    "reasoningEffort",
    "questionContext",
    "enableStreaming",
    "includeDetailedCitations",
    "showThinkingProcess",
    "temperature",
    "maxTokens",
    "selectedText",
    "chapterContext",
    "currentChapter"
  ]
}
[2025-10-08T03:05:47.694Z] [DEBUG] [PERPLEXITY_STREAMING] Stream generator created
DATA: {
  "generatorType": "object",
  "generatorConstructor": "",
  "hasAsyncIterator": true
}
[2025-10-08T03:05:47.696Z] [DEBUG] [PERPLEXITY_STREAMING] Starting for-await loop on: client.streamingCompletionRequest
DATA: {
  "iterableSource": "client.streamingCompletionRequest",
  "iterableType": "object",
  "hasAsyncIterator": true,
  "hasIterator": false,
  "constructorName": ""
}
[2025-10-08T03:05:47.697Z] [DEBUG] [PERPLEXITY_CLIENT] PerplexityClient.streamingCompletionRequest called
DATA: {
  "inputType": "object",
  "userQuestionLength": 114,
  "enableStreaming": true
}
[2025-10-08T03:05:47.698Z] [DEBUG] [PERPLEXITY_CLIENT] Making HTTP request to Perplexity API
DATA: {
  "endpoint": "/chat/completions",
  "requestDataKeys": [
    "model",
    "temperature",
    "max_tokens",
    "stream",
    "reasoning_effort",
    "messages"
  ],
  "model": "sonar-reasoning",
  "stream": true
}
[2025-10-08T03:05:50.536Z] [DEBUG] [PERPLEXITY_CLIENT] Received HTTP response
DATA: {
  "statusCode": 200,
  "statusText": "OK",
  "dataType": "object",
  "dataConstructor": "IncomingMessage"
}
[2025-10-08T03:05:50.540Z] [DEBUG] [PERPLEXITY_CLIENT] Starting for-await loop on: this.parseStreamingResponse(stream)
DATA: {
  "iterableSource": "this.parseStreamingResponse(stream)",
  "iterableType": "object",
  "hasAsyncIterator": true,
  "hasIterator": false,
  "constructorName": ""
}
[2025-10-08T11:56:33.781Z] [DEBUG] [PERPLEXITY_STREAMING] Starting async generator: perplexityRedChamberQAStreaming
DATA: {
  "functionName": "perplexityRedChamberQAStreaming",
  "inputType": "object",
  "inputKeys": [
    "userQuestion",
    "modelKey",
    "reasoningEffort",
    "questionContext",
    "enableStreaming",
    "includeDetailedCitations",
    "showThinkingProcess",
    "temperature",
    "maxTokens",
    "selectedText",
    "chapterContext",
    "currentChapter"
  ],
  "hasAsyncIterator": false
}
[2025-10-08T11:56:33.880Z] [DEBUG] [PERPLEXITY_STREAMING] Function entry point reached
DATA: {
  "inputType": "object",
  "inputKeys": [
    "userQuestion",
    "modelKey",
    "reasoningEffort",
    "questionContext",
    "enableStreaming",
    "includeDetailedCitations",
    "showThinkingProcess",
    "temperature",
    "maxTokens",
    "selectedText",
    "chapterContext",
    "currentChapter"
  ],
  "userQuestionLength": 114,
  "enableStreaming": true
}
[2025-10-08T11:56:34.012Z] [DEBUG] [PERPLEXITY_STREAMING] Getting Perplexity client
[2025-10-08T11:56:34.017Z] [DEBUG] [PERPLEXITY_STREAMING] Client obtained
DATA: {
  "clientType": "object",
  "clientConstructor": "PerplexityClient",
  "hasStreamingMethod": true
}
[2025-10-08T11:56:34.021Z] [DEBUG] [PERPLEXITY_STREAMING] Calling client.streamingCompletionRequest
DATA: {
  "processedInputType": "object",
  "processedInputKeys": [
    "userQuestion",
    "modelKey",
    "reasoningEffort",
    "questionContext",
    "enableStreaming",
    "includeDetailedCitations",
    "showThinkingProcess",
    "temperature",
    "maxTokens",
    "selectedText",
    "chapterContext",
    "currentChapter"
  ]
}
[2025-10-08T11:56:34.027Z] [DEBUG] [PERPLEXITY_STREAMING] Stream generator created
DATA: {
  "generatorType": "object",
  "generatorConstructor": "",
  "hasAsyncIterator": true
}
[2025-10-08T11:56:34.031Z] [DEBUG] [PERPLEXITY_STREAMING] Starting for-await loop on: client.streamingCompletionRequest
DATA: {
  "iterableSource": "client.streamingCompletionRequest",
  "iterableType": "object",
  "hasAsyncIterator": true,
  "hasIterator": false,
  "constructorName": ""
}
[2025-10-08T11:56:34.033Z] [DEBUG] [PERPLEXITY_CLIENT] PerplexityClient.streamingCompletionRequest called
DATA: {
  "inputType": "object",
  "userQuestionLength": 114,
  "enableStreaming": true
}
[2025-10-08T11:56:34.035Z] [DEBUG] [PERPLEXITY_CLIENT] Making HTTP request to Perplexity API
DATA: {
  "endpoint": "/chat/completions",
  "requestDataKeys": [
    "model",
    "temperature",
    "max_tokens",
    "stream",
    "reasoning_effort",
    "messages"
  ],
  "model": "sonar-reasoning",
  "stream": true
}
[2025-10-08T11:56:36.674Z] [DEBUG] [PERPLEXITY_CLIENT] Received HTTP response
DATA: {
  "statusCode": 200,
  "statusText": "OK",
  "dataType": "object",
  "dataConstructor": "IncomingMessage"
}
[2025-10-08T11:56:36.678Z] [DEBUG] [PERPLEXITY_CLIENT] Starting for-await loop on: this.parseStreamingResponse(stream)
DATA: {
  "iterableSource": "this.parseStreamingResponse(stream)",
  "iterableType": "object",
  "hasAsyncIterator": true,
  "hasIterator": false,
  "constructorName": ""
}
[2025-10-08T11:58:27.529Z] [DEBUG] [PERPLEXITY_STREAMING] Starting async generator: perplexityRedChamberQAStreaming
DATA: {
  "functionName": "perplexityRedChamberQAStreaming",
  "inputType": "object",
  "inputKeys": [
    "userQuestion",
    "modelKey",
    "reasoningEffort",
    "questionContext",
    "enableStreaming",
    "includeDetailedCitations",
    "showThinkingProcess",
    "temperature",
    "maxTokens",
    "selectedText",
    "chapterContext",
    "currentChapter"
  ],
  "hasAsyncIterator": false
}
[2025-10-08T11:58:27.533Z] [DEBUG] [PERPLEXITY_STREAMING] Function entry point reached
DATA: {
  "inputType": "object",
  "inputKeys": [
    "userQuestion",
    "modelKey",
    "reasoningEffort",
    "questionContext",
    "enableStreaming",
    "includeDetailedCitations",
    "showThinkingProcess",
    "temperature",
    "maxTokens",
    "selectedText",
    "chapterContext",
    "currentChapter"
  ],
  "userQuestionLength": 11,
  "enableStreaming": true
}
[2025-10-08T11:58:27.535Z] [DEBUG] [PERPLEXITY_STREAMING] Getting Perplexity client
[2025-10-08T11:58:27.536Z] [DEBUG] [PERPLEXITY_STREAMING] Client obtained
DATA: {
  "clientType": "object",
  "clientConstructor": "PerplexityClient",
  "hasStreamingMethod": true
}
[2025-10-08T11:58:27.537Z] [DEBUG] [PERPLEXITY_STREAMING] Calling client.streamingCompletionRequest
DATA: {
  "processedInputType": "object",
  "processedInputKeys": [
    "userQuestion",
    "modelKey",
    "reasoningEffort",
    "questionContext",
    "enableStreaming",
    "includeDetailedCitations",
    "showThinkingProcess",
    "temperature",
    "maxTokens",
    "selectedText",
    "chapterContext",
    "currentChapter"
  ]
}
[2025-10-08T11:58:27.538Z] [DEBUG] [PERPLEXITY_STREAMING] Stream generator created
DATA: {
  "generatorType": "object",
  "generatorConstructor": "",
  "hasAsyncIterator": true
}
[2025-10-08T11:58:27.539Z] [DEBUG] [PERPLEXITY_STREAMING] Starting for-await loop on: client.streamingCompletionRequest
DATA: {
  "iterableSource": "client.streamingCompletionRequest",
  "iterableType": "object",
  "hasAsyncIterator": true,
  "hasIterator": false,
  "constructorName": ""
}
[2025-10-08T11:58:27.541Z] [DEBUG] [PERPLEXITY_CLIENT] PerplexityClient.streamingCompletionRequest called
DATA: {
  "inputType": "object",
  "userQuestionLength": 11,
  "enableStreaming": true
}
[2025-10-08T11:58:27.543Z] [DEBUG] [PERPLEXITY_CLIENT] Making HTTP request to Perplexity API
DATA: {
  "endpoint": "/chat/completions",
  "requestDataKeys": [
    "model",
    "temperature",
    "max_tokens",
    "stream",
    "reasoning_effort",
    "messages"
  ],
  "model": "sonar-reasoning",
  "stream": true
}
[2025-10-08T11:58:30.772Z] [DEBUG] [PERPLEXITY_CLIENT] Received HTTP response
DATA: {
  "statusCode": 200,
  "statusText": "OK",
  "dataType": "object",
  "dataConstructor": "IncomingMessage"
}
[2025-10-08T11:58:30.777Z] [DEBUG] [PERPLEXITY_CLIENT] Starting for-await loop on: this.parseStreamingResponse(stream)
DATA: {
  "iterableSource": "this.parseStreamingResponse(stream)",
  "iterableType": "object",
  "hasAsyncIterator": true,
  "hasIterator": false,
  "constructorName": ""
}
